<?xml version="1.0" encoding="UTF-8"?>
<testng-results skipped="0" failed="0" total="1" passed="1">
  <reporter-output>
  </reporter-output>
  <suite name="Default suite" duration-ms="17870" started-at="2016-07-10T05:08:12Z" finished-at="2016-07-10T05:08:30Z">
    <groups>
    </groups>
    <test name="Default test" duration-ms="17870" started-at="2016-07-10T05:08:12Z" finished-at="2016-07-10T05:08:30Z">
      <class name="testing.Case1">
        <test-method status="PASS" signature="bmet()[pri:0, instance:testing.Case1@20e2cbe0]" name="bmet" is-config="true" duration-ms="11651" started-at="2016-07-10T10:38:12Z" finished-at="2016-07-10T10:38:24Z">
          <reporter-output>
          </reporter-output>
        </test-method> <!-- bmet -->
        <test-method status="PASS" signature="testCase1()[pri:0, instance:testing.Case1@20e2cbe0]" name="testCase1" duration-ms="6174" started-at="2016-07-10T10:38:24Z" finished-at="2016-07-10T10:38:30Z">
          <reporter-output>
          </reporter-output>
        </test-method> <!-- testCase1 -->
      </class> <!-- testing.Case1 -->
    </test> <!-- Default test -->
  </suite> <!-- Default suite -->
</testng-results>
